{"/home/ayoub/SaaS_products/Gym-access-memebership/backend/src/controllers/authController.js": {"path":"/home/ayoub/SaaS_products/Gym-access-memebership/backend/src/controllers/authController.js","statementMap":{"0":{"start":{"line":1,"column":15},"end":{"line":1,"column":34}},"1":{"start":{"line":2,"column":12},"end":{"line":2,"column":35}},"2":{"start":{"line":3,"column":13},"end":{"line":3,"column":42}},"3":{"start":{"line":6,"column":15},"end":{"line":99,"column":1}},"4":{"start":{"line":7,"column":2},"end":{"line":98,"column":3}},"5":{"start":{"line":8,"column":47},"end":{"line":8,"column":55}},"6":{"start":{"line":11,"column":4},"end":{"line":16,"column":5}},"7":{"start":{"line":12,"column":6},"end":{"line":15,"column":9}},"8":{"start":{"line":19,"column":23},"end":{"line":22,"column":5}},"9":{"start":{"line":24,"column":4},"end":{"line":29,"column":5}},"10":{"start":{"line":25,"column":6},"end":{"line":28,"column":9}},"11":{"start":{"line":31,"column":21},"end":{"line":31,"column":57}},"12":{"start":{"line":34,"column":27},"end":{"line":34,"column":58}},"13":{"start":{"line":37,"column":19},"end":{"line":37,"column":39}},"14":{"start":{"line":39,"column":4},"end":{"line":90,"column":5}},"15":{"start":{"line":40,"column":6},"end":{"line":40,"column":34}},"16":{"start":{"line":43,"column":24},"end":{"line":46,"column":7}},"17":{"start":{"line":47,"column":18},"end":{"line":47,"column":35}},"18":{"start":{"line":50,"column":25},"end":{"line":53,"column":7}},"19":{"start":{"line":54,"column":19},"end":{"line":54,"column":37}},"20":{"start":{"line":57,"column":6},"end":{"line":60,"column":8}},"21":{"start":{"line":62,"column":6},"end":{"line":62,"column":35}},"22":{"start":{"line":65,"column":20},"end":{"line":69,"column":7}},"23":{"start":{"line":72,"column":6},"end":{"line":83,"column":9}},"24":{"start":{"line":86,"column":6},"end":{"line":86,"column":37}},"25":{"start":{"line":87,"column":6},"end":{"line":87,"column":18}},"26":{"start":{"line":89,"column":6},"end":{"line":89,"column":23}},"27":{"start":{"line":93,"column":4},"end":{"line":93,"column":42}},"28":{"start":{"line":94,"column":4},"end":{"line":97,"column":7}},"29":{"start":{"line":102,"column":14},"end":{"line":180,"column":1}},"30":{"start":{"line":103,"column":2},"end":{"line":179,"column":3}},"31":{"start":{"line":104,"column":32},"end":{"line":104,"column":40}},"32":{"start":{"line":107,"column":4},"end":{"line":112,"column":5}},"33":{"start":{"line":108,"column":6},"end":{"line":111,"column":9}},"34":{"start":{"line":115,"column":23},"end":{"line":118,"column":5}},"35":{"start":{"line":120,"column":4},"end":{"line":125,"column":5}},"36":{"start":{"line":121,"column":6},"end":{"line":124,"column":9}},"37":{"start":{"line":127,"column":17},"end":{"line":127,"column":35}},"38":{"start":{"line":130,"column":28},"end":{"line":130,"column":73}},"39":{"start":{"line":132,"column":4},"end":{"line":137,"column":5}},"40":{"start":{"line":133,"column":6},"end":{"line":136,"column":9}},"41":{"start":{"line":140,"column":22},"end":{"line":143,"column":5}},"42":{"start":{"line":145,"column":16},"end":{"line":145,"column":33}},"43":{"start":{"line":148,"column":18},"end":{"line":157,"column":5}},"44":{"start":{"line":160,"column":4},"end":{"line":171,"column":7}},"45":{"start":{"line":174,"column":4},"end":{"line":174,"column":41}},"46":{"start":{"line":175,"column":4},"end":{"line":178,"column":7}},"47":{"start":{"line":182,"column":0},"end":{"line":182,"column":36}}},"fnMap":{"0":{"name":"(anonymous_0)","decl":{"start":{"line":6,"column":15},"end":{"line":6,"column":16}},"loc":{"start":{"line":6,"column":35},"end":{"line":99,"column":1}},"line":6},"1":{"name":"(anonymous_1)","decl":{"start":{"line":102,"column":14},"end":{"line":102,"column":15}},"loc":{"start":{"line":102,"column":34},"end":{"line":180,"column":1}},"line":102}},"branchMap":{"0":{"loc":{"start":{"line":11,"column":4},"end":{"line":16,"column":5}},"type":"if","locations":[{"start":{"line":11,"column":4},"end":{"line":16,"column":5}},{"start":{},"end":{}}],"line":11},"1":{"loc":{"start":{"line":11,"column":8},"end":{"line":11,"column":39}},"type":"binary-expr","locations":[{"start":{"line":11,"column":8},"end":{"line":11,"column":14}},{"start":{"line":11,"column":18},"end":{"line":11,"column":27}},{"start":{"line":11,"column":31},"end":{"line":11,"column":39}}],"line":11},"2":{"loc":{"start":{"line":24,"column":4},"end":{"line":29,"column":5}},"type":"if","locations":[{"start":{"line":24,"column":4},"end":{"line":29,"column":5}},{"start":{},"end":{}}],"line":24},"3":{"loc":{"start":{"line":31,"column":21},"end":{"line":31,"column":57}},"type":"cond-expr","locations":[{"start":{"line":31,"column":40},"end":{"line":31,"column":47}},{"start":{"line":31,"column":50},"end":{"line":31,"column":57}}],"line":31},"4":{"loc":{"start":{"line":107,"column":4},"end":{"line":112,"column":5}},"type":"if","locations":[{"start":{"line":107,"column":4},"end":{"line":112,"column":5}},{"start":{},"end":{}}],"line":107},"5":{"loc":{"start":{"line":107,"column":8},"end":{"line":107,"column":27}},"type":"binary-expr","locations":[{"start":{"line":107,"column":8},"end":{"line":107,"column":14}},{"start":{"line":107,"column":18},"end":{"line":107,"column":27}}],"line":107},"6":{"loc":{"start":{"line":120,"column":4},"end":{"line":125,"column":5}},"type":"if","locations":[{"start":{"line":120,"column":4},"end":{"line":125,"column":5}},{"start":{},"end":{}}],"line":120},"7":{"loc":{"start":{"line":132,"column":4},"end":{"line":137,"column":5}},"type":"if","locations":[{"start":{"line":132,"column":4},"end":{"line":137,"column":5}},{"start":{},"end":{}}],"line":132},"8":{"loc":{"start":{"line":169,"column":17},"end":{"line":169,"column":38}},"type":"cond-expr","locations":[{"start":{"line":169,"column":23},"end":{"line":169,"column":31}},{"start":{"line":169,"column":34},"end":{"line":169,"column":38}}],"line":169}},"s":{"0":1,"1":1,"2":1,"3":1,"4":14,"5":14,"6":14,"7":3,"8":11,"9":11,"10":2,"11":9,"12":9,"13":9,"14":9,"15":9,"16":9,"17":9,"18":9,"19":9,"20":9,"21":9,"22":9,"23":9,"24":0,"25":0,"26":9,"27":0,"28":0,"29":1,"30":8,"31":8,"32":8,"33":2,"34":6,"35":6,"36":2,"37":4,"38":4,"39":4,"40":2,"41":2,"42":2,"43":2,"44":2,"45":0,"46":0,"47":1},"f":{"0":14,"1":8},"b":{"0":[3,11],"1":[14,13,12],"2":[2,9],"3":[0,9],"4":[2,6],"5":[8,7],"6":[2,4],"7":[2,2],"8":[2,0]},"_coverageSchema":"1a1c01bbd47fc00a2c39e90264f33305004495a9","hash":"3a3940d39c381779168dee89de08119c629a6642"}
,"/home/ayoub/SaaS_products/Gym-access-memebership/backend/src/routes/authRoutes.js": {"path":"/home/ayoub/SaaS_products/Gym-access-memebership/backend/src/routes/authRoutes.js","statementMap":{"0":{"start":{"line":1,"column":16},"end":{"line":1,"column":34}},"1":{"start":{"line":2,"column":15},"end":{"line":2,"column":31}},"2":{"start":{"line":3,"column":27},"end":{"line":3,"column":67}},"3":{"start":{"line":6,"column":0},"end":{"line":6,"column":31}},"4":{"start":{"line":9,"column":0},"end":{"line":9,"column":29}},"5":{"start":{"line":11,"column":0},"end":{"line":11,"column":24}}},"fnMap":{},"branchMap":{},"s":{"0":1,"1":1,"2":1,"3":1,"4":1,"5":1},"f":{},"b":{},"_coverageSchema":"1a1c01bbd47fc00a2c39e90264f33305004495a9","hash":"714da38bd85c334bfeaab1a5e37c642134b79dd4"}
,"/home/ayoub/SaaS_products/Gym-access-memebership/backend/src/test-utils/testSetup.js": {"path":"/home/ayoub/SaaS_products/Gym-access-memebership/backend/src/test-utils/testSetup.js","statementMap":{"0":{"start":{"line":2,"column":0},"end":{"line":2,"column":48}},"1":{"start":{"line":3,"column":17},"end":{"line":3,"column":30}},"2":{"start":{"line":6,"column":17},"end":{"line":12,"column":2}},"3":{"start":{"line":16,"column":22},"end":{"line":23,"column":1}},"4":{"start":{"line":17,"column":2},"end":{"line":22,"column":3}},"5":{"start":{"line":18,"column":4},"end":{"line":18,"column":74}},"6":{"start":{"line":20,"column":4},"end":{"line":20,"column":53}},"7":{"start":{"line":21,"column":4},"end":{"line":21,"column":16}},"8":{"start":{"line":26,"column":22},"end":{"line":32,"column":1}},"9":{"start":{"line":27,"column":2},"end":{"line":31,"column":3}},"10":{"start":{"line":28,"column":4},"end":{"line":28,"column":25}},"11":{"start":{"line":30,"column":4},"end":{"line":30,"column":52}},"12":{"start":{"line":34,"column":0},"end":{"line":38,"column":2}}},"fnMap":{"0":{"name":"(anonymous_0)","decl":{"start":{"line":16,"column":22},"end":{"line":16,"column":23}},"loc":{"start":{"line":16,"column":34},"end":{"line":23,"column":1}},"line":16},"1":{"name":"(anonymous_1)","decl":{"start":{"line":26,"column":22},"end":{"line":26,"column":23}},"loc":{"start":{"line":26,"column":34},"end":{"line":32,"column":1}},"line":26}},"branchMap":{},"s":{"0":1,"1":1,"2":1,"3":1,"4":15,"5":15,"6":0,"7":0,"8":1,"9":1,"10":1,"11":0,"12":1},"f":{"0":15,"1":1},"b":{},"_coverageSchema":"1a1c01bbd47fc00a2c39e90264f33305004495a9","hash":"841ba7134819e8fdb13185732efe26f568cafb3a"}
}
