{"/home/ayoub/SaaS_products/Gym-access-memebership/backend/src/controllers/authController.js": {"path":"/home/ayoub/SaaS_products/Gym-access-memebership/backend/src/controllers/authController.js","statementMap":{"0":{"start":{"line":1,"column":15},"end":{"line":1,"column":34}},"1":{"start":{"line":2,"column":12},"end":{"line":2,"column":35}},"2":{"start":{"line":3,"column":13},"end":{"line":3,"column":42}},"3":{"start":{"line":6,"column":15},"end":{"line":97,"column":1}},"4":{"start":{"line":7,"column":2},"end":{"line":96,"column":3}},"5":{"start":{"line":8,"column":41},"end":{"line":8,"column":49}},"6":{"start":{"line":11,"column":4},"end":{"line":16,"column":5}},"7":{"start":{"line":12,"column":6},"end":{"line":15,"column":9}},"8":{"start":{"line":19,"column":23},"end":{"line":22,"column":5}},"9":{"start":{"line":24,"column":4},"end":{"line":29,"column":5}},"10":{"start":{"line":25,"column":6},"end":{"line":28,"column":9}},"11":{"start":{"line":32,"column":27},"end":{"line":32,"column":58}},"12":{"start":{"line":35,"column":19},"end":{"line":35,"column":39}},"13":{"start":{"line":37,"column":4},"end":{"line":88,"column":5}},"14":{"start":{"line":38,"column":6},"end":{"line":38,"column":34}},"15":{"start":{"line":41,"column":24},"end":{"line":44,"column":7}},"16":{"start":{"line":45,"column":18},"end":{"line":45,"column":35}},"17":{"start":{"line":48,"column":25},"end":{"line":51,"column":7}},"18":{"start":{"line":52,"column":19},"end":{"line":52,"column":37}},"19":{"start":{"line":55,"column":6},"end":{"line":58,"column":8}},"20":{"start":{"line":60,"column":6},"end":{"line":60,"column":35}},"21":{"start":{"line":63,"column":20},"end":{"line":67,"column":7}},"22":{"start":{"line":70,"column":6},"end":{"line":81,"column":9}},"23":{"start":{"line":84,"column":6},"end":{"line":84,"column":37}},"24":{"start":{"line":85,"column":6},"end":{"line":85,"column":18}},"25":{"start":{"line":87,"column":6},"end":{"line":87,"column":23}},"26":{"start":{"line":91,"column":4},"end":{"line":91,"column":42}},"27":{"start":{"line":92,"column":4},"end":{"line":95,"column":7}},"28":{"start":{"line":100,"column":14},"end":{"line":178,"column":1}},"29":{"start":{"line":101,"column":2},"end":{"line":177,"column":3}},"30":{"start":{"line":102,"column":32},"end":{"line":102,"column":40}},"31":{"start":{"line":105,"column":4},"end":{"line":110,"column":5}},"32":{"start":{"line":106,"column":6},"end":{"line":109,"column":9}},"33":{"start":{"line":113,"column":23},"end":{"line":116,"column":5}},"34":{"start":{"line":118,"column":4},"end":{"line":123,"column":5}},"35":{"start":{"line":119,"column":6},"end":{"line":122,"column":9}},"36":{"start":{"line":125,"column":17},"end":{"line":125,"column":35}},"37":{"start":{"line":128,"column":28},"end":{"line":128,"column":73}},"38":{"start":{"line":130,"column":4},"end":{"line":135,"column":5}},"39":{"start":{"line":131,"column":6},"end":{"line":134,"column":9}},"40":{"start":{"line":138,"column":22},"end":{"line":141,"column":5}},"41":{"start":{"line":143,"column":16},"end":{"line":143,"column":33}},"42":{"start":{"line":146,"column":18},"end":{"line":155,"column":5}},"43":{"start":{"line":158,"column":4},"end":{"line":169,"column":7}},"44":{"start":{"line":172,"column":4},"end":{"line":172,"column":41}},"45":{"start":{"line":173,"column":4},"end":{"line":176,"column":7}},"46":{"start":{"line":180,"column":0},"end":{"line":180,"column":36}}},"fnMap":{"0":{"name":"(anonymous_0)","decl":{"start":{"line":6,"column":15},"end":{"line":6,"column":16}},"loc":{"start":{"line":6,"column":35},"end":{"line":97,"column":1}},"line":6},"1":{"name":"(anonymous_1)","decl":{"start":{"line":100,"column":14},"end":{"line":100,"column":15}},"loc":{"start":{"line":100,"column":34},"end":{"line":178,"column":1}},"line":100}},"branchMap":{"0":{"loc":{"start":{"line":11,"column":4},"end":{"line":16,"column":5}},"type":"if","locations":[{"start":{"line":11,"column":4},"end":{"line":16,"column":5}},{"start":{},"end":{}}],"line":11},"1":{"loc":{"start":{"line":11,"column":8},"end":{"line":11,"column":39}},"type":"binary-expr","locations":[{"start":{"line":11,"column":8},"end":{"line":11,"column":14}},{"start":{"line":11,"column":18},"end":{"line":11,"column":27}},{"start":{"line":11,"column":31},"end":{"line":11,"column":39}}],"line":11},"2":{"loc":{"start":{"line":24,"column":4},"end":{"line":29,"column":5}},"type":"if","locations":[{"start":{"line":24,"column":4},"end":{"line":29,"column":5}},{"start":{},"end":{}}],"line":24},"3":{"loc":{"start":{"line":105,"column":4},"end":{"line":110,"column":5}},"type":"if","locations":[{"start":{"line":105,"column":4},"end":{"line":110,"column":5}},{"start":{},"end":{}}],"line":105},"4":{"loc":{"start":{"line":105,"column":8},"end":{"line":105,"column":27}},"type":"binary-expr","locations":[{"start":{"line":105,"column":8},"end":{"line":105,"column":14}},{"start":{"line":105,"column":18},"end":{"line":105,"column":27}}],"line":105},"5":{"loc":{"start":{"line":118,"column":4},"end":{"line":123,"column":5}},"type":"if","locations":[{"start":{"line":118,"column":4},"end":{"line":123,"column":5}},{"start":{},"end":{}}],"line":118},"6":{"loc":{"start":{"line":130,"column":4},"end":{"line":135,"column":5}},"type":"if","locations":[{"start":{"line":130,"column":4},"end":{"line":135,"column":5}},{"start":{},"end":{}}],"line":130},"7":{"loc":{"start":{"line":167,"column":17},"end":{"line":167,"column":38}},"type":"cond-expr","locations":[{"start":{"line":167,"column":23},"end":{"line":167,"column":31}},{"start":{"line":167,"column":34},"end":{"line":167,"column":38}}],"line":167}},"s":{"0":1,"1":1,"2":1,"3":1,"4":14,"5":14,"6":14,"7":3,"8":11,"9":11,"10":2,"11":9,"12":9,"13":9,"14":9,"15":9,"16":9,"17":9,"18":9,"19":9,"20":9,"21":9,"22":9,"23":0,"24":0,"25":9,"26":0,"27":0,"28":1,"29":8,"30":8,"31":8,"32":2,"33":6,"34":6,"35":2,"36":4,"37":4,"38":4,"39":2,"40":2,"41":2,"42":2,"43":2,"44":0,"45":0,"46":1},"f":{"0":14,"1":8},"b":{"0":[3,11],"1":[14,13,12],"2":[2,9],"3":[2,6],"4":[8,7],"5":[2,4],"6":[2,2],"7":[2,0]},"_coverageSchema":"1a1c01bbd47fc00a2c39e90264f33305004495a9","hash":"c913f0552fe1aefaf76795598474b9fb01e2a5d5"}
,"/home/ayoub/SaaS_products/Gym-access-memebership/backend/src/routes/authRoutes.js": {"path":"/home/ayoub/SaaS_products/Gym-access-memebership/backend/src/routes/authRoutes.js","statementMap":{"0":{"start":{"line":1,"column":16},"end":{"line":1,"column":34}},"1":{"start":{"line":2,"column":15},"end":{"line":2,"column":31}},"2":{"start":{"line":3,"column":27},"end":{"line":3,"column":67}},"3":{"start":{"line":6,"column":0},"end":{"line":6,"column":31}},"4":{"start":{"line":9,"column":0},"end":{"line":9,"column":29}},"5":{"start":{"line":11,"column":0},"end":{"line":11,"column":24}}},"fnMap":{},"branchMap":{},"s":{"0":1,"1":1,"2":1,"3":1,"4":1,"5":1},"f":{},"b":{},"_coverageSchema":"1a1c01bbd47fc00a2c39e90264f33305004495a9","hash":"714da38bd85c334bfeaab1a5e37c642134b79dd4"}
,"/home/ayoub/SaaS_products/Gym-access-memebership/backend/src/test-utils/testSetup.js": {"path":"/home/ayoub/SaaS_products/Gym-access-memebership/backend/src/test-utils/testSetup.js","statementMap":{"0":{"start":{"line":2,"column":0},"end":{"line":2,"column":48}},"1":{"start":{"line":3,"column":17},"end":{"line":3,"column":30}},"2":{"start":{"line":6,"column":17},"end":{"line":12,"column":2}},"3":{"start":{"line":16,"column":22},"end":{"line":23,"column":1}},"4":{"start":{"line":17,"column":2},"end":{"line":22,"column":3}},"5":{"start":{"line":18,"column":4},"end":{"line":18,"column":74}},"6":{"start":{"line":20,"column":4},"end":{"line":20,"column":53}},"7":{"start":{"line":21,"column":4},"end":{"line":21,"column":16}},"8":{"start":{"line":26,"column":22},"end":{"line":32,"column":1}},"9":{"start":{"line":27,"column":2},"end":{"line":31,"column":3}},"10":{"start":{"line":28,"column":4},"end":{"line":28,"column":25}},"11":{"start":{"line":30,"column":4},"end":{"line":30,"column":52}},"12":{"start":{"line":34,"column":0},"end":{"line":38,"column":2}}},"fnMap":{"0":{"name":"(anonymous_0)","decl":{"start":{"line":16,"column":22},"end":{"line":16,"column":23}},"loc":{"start":{"line":16,"column":34},"end":{"line":23,"column":1}},"line":16},"1":{"name":"(anonymous_1)","decl":{"start":{"line":26,"column":22},"end":{"line":26,"column":23}},"loc":{"start":{"line":26,"column":34},"end":{"line":32,"column":1}},"line":26}},"branchMap":{},"s":{"0":1,"1":1,"2":1,"3":1,"4":15,"5":15,"6":0,"7":0,"8":1,"9":1,"10":1,"11":0,"12":1},"f":{"0":15,"1":1},"b":{},"_coverageSchema":"1a1c01bbd47fc00a2c39e90264f33305004495a9","hash":"841ba7134819e8fdb13185732efe26f568cafb3a"}
}
