TN:
SF:src/controllers/authController.js
FN:6,(anonymous_0)
FN:100,(anonymous_1)
FNF:2
FNH:2
FNDA:14,(anonymous_0)
FNDA:8,(anonymous_1)
DA:1,1
DA:2,1
DA:3,1
DA:6,1
DA:7,14
DA:8,14
DA:11,14
DA:12,3
DA:19,11
DA:24,11
DA:25,2
DA:32,9
DA:35,9
DA:37,9
DA:38,9
DA:41,9
DA:45,9
DA:48,9
DA:52,9
DA:55,9
DA:60,9
DA:63,9
DA:70,9
DA:84,0
DA:85,0
DA:87,9
DA:91,0
DA:92,0
DA:100,1
DA:101,8
DA:102,8
DA:105,8
DA:106,2
DA:113,6
DA:118,6
DA:119,2
DA:125,4
DA:128,4
DA:130,4
DA:131,2
DA:138,2
DA:143,2
DA:146,2
DA:158,2
DA:172,0
DA:173,0
DA:180,1
LF:47
LH:41
BRDA:11,0,0,3
BRDA:11,0,1,11
BRDA:11,1,0,14
BRDA:11,1,1,13
BRDA:11,1,2,12
BRDA:24,2,0,2
BRDA:24,2,1,9
BRDA:105,3,0,2
BRDA:105,3,1,6
BRDA:105,4,0,8
BRDA:105,4,1,7
BRDA:118,5,0,2
BRDA:118,5,1,4
BRDA:130,6,0,2
BRDA:130,6,1,2
BRDA:167,7,0,2
BRDA:167,7,1,0
BRF:17
BRH:16
end_of_record
TN:
SF:src/routes/authRoutes.js
FNF:0
FNH:0
DA:1,1
DA:2,1
DA:3,1
DA:6,1
DA:9,1
DA:11,1
LF:6
LH:6
BRF:0
BRH:0
end_of_record
TN:
SF:src/test-utils/testSetup.js
FN:16,(anonymous_0)
FN:26,(anonymous_1)
FNF:2
FNH:2
FNDA:15,(anonymous_0)
FNDA:1,(anonymous_1)
DA:2,1
DA:3,1
DA:6,1
DA:16,1
DA:17,15
DA:18,15
DA:20,0
DA:21,0
DA:26,1
DA:27,1
DA:28,1
DA:30,0
DA:34,1
LF:13
LH:10
BRF:0
BRH:0
end_of_record
