TN:
SF:src/controllers/authController.js
FN:6,(anonymous_0)
FN:102,(anonymous_1)
FNF:2
FNH:2
FNDA:32,(anonymous_0)
FNDA:8,(anonymous_1)
DA:1,3
DA:2,3
DA:3,3
DA:6,3
DA:7,32
DA:8,32
DA:11,32
DA:12,3
DA:19,29
DA:24,29
DA:25,2
DA:31,27
DA:34,27
DA:37,27
DA:39,27
DA:40,27
DA:43,27
DA:47,27
DA:50,27
DA:54,27
DA:57,27
DA:62,27
DA:65,27
DA:72,27
DA:86,0
DA:87,0
DA:89,27
DA:93,0
DA:94,0
DA:102,3
DA:103,8
DA:104,8
DA:107,8
DA:108,2
DA:115,6
DA:120,6
DA:121,2
DA:127,4
DA:130,4
DA:132,4
DA:133,2
DA:140,2
DA:145,2
DA:148,2
DA:160,2
DA:174,0
DA:175,0
DA:182,3
LF:48
LH:42
BRDA:11,0,0,3
BRDA:11,0,1,29
BRDA:11,1,0,32
BRDA:11,1,1,31
BRDA:11,1,2,30
BRDA:24,2,0,2
BRDA:24,2,1,27
BRDA:31,3,0,0
BRDA:31,3,1,27
BRDA:107,4,0,2
BRDA:107,4,1,6
BRDA:107,5,0,8
BRDA:107,5,1,7
BRDA:120,6,0,2
BRDA:120,6,1,4
BRDA:132,7,0,2
BRDA:132,7,1,2
BRDA:169,8,0,2
BRDA:169,8,1,0
BRF:19
BRH:17
end_of_record
TN:
SF:src/controllers/gymController.js
FN:4,(anonymous_0)
FN:34,(anonymous_1)
FN:95,(anonymous_2)
FNF:3
FNH:3
FNDA:2,(anonymous_0)
FNDA:4,(anonymous_1)
FNDA:3,(anonymous_2)
DA:1,1
DA:4,1
DA:5,2
DA:6,2
DA:8,2
DA:13,2
DA:14,1
DA:20,1
DA:25,0
DA:26,0
DA:34,1
DA:35,4
DA:36,4
DA:37,4
DA:40,4
DA:41,0
DA:48,4
DA:49,1
DA:55,3
DA:56,3
DA:57,0
DA:60,3
DA:64,3
DA:68,3
DA:73,3
DA:74,1
DA:80,2
DA:86,0
DA:87,0
DA:95,1
DA:96,3
DA:97,3
DA:98,3
DA:100,3
DA:101,1
DA:107,2
DA:112,2
DA:117,0
DA:118,0
DA:125,1
LF:40
LH:32
BRDA:13,0,0,1
BRDA:13,0,1,1
BRDA:40,1,0,0
BRDA:40,1,1,4
BRDA:48,2,0,1
BRDA:48,2,1,3
BRDA:48,3,0,4
BRDA:48,3,1,3
BRDA:56,4,0,0
BRDA:56,4,1,3
BRDA:64,5,0,3
BRDA:64,5,1,3
BRDA:70,6,0,3
BRDA:70,6,1,3
BRDA:73,7,0,1
BRDA:73,7,1,2
BRDA:100,8,0,1
BRDA:100,8,1,2
BRF:18
BRH:16
end_of_record
TN:
SF:src/controllers/memberController.js
FN:3,(anonymous_0)
FN:24,(anonymous_1)
FN:53,(anonymous_2)
FN:85,(anonymous_3)
FNF:4
FNH:4
FNDA:6,(anonymous_0)
FNDA:1,(anonymous_1)
FNDA:1,(anonymous_2)
FNDA:1,(anonymous_3)
DA:1,1
DA:3,1
DA:4,6
DA:5,6
DA:6,6
DA:8,6
DA:9,1
DA:12,5
DA:17,5
DA:19,0
DA:20,0
DA:24,1
DA:25,1
DA:26,1
DA:28,1
DA:46,1
DA:48,0
DA:53,1
DA:54,1
DA:55,1
DA:56,1
DA:57,1
DA:60,1
DA:65,1
DA:66,0
DA:69,1
DA:79,1
DA:81,0
DA:85,1
DA:86,1
DA:87,1
DA:88,1
DA:90,1
DA:98,1
DA:99,0
DA:102,1
DA:104,0
DA:109,1
LF:38
LH:31
BRDA:8,0,0,1
BRDA:8,0,1,5
BRDA:8,1,0,6
BRDA:8,1,1,6
BRDA:8,1,2,5
BRDA:65,2,0,0
BRDA:65,2,1,1
BRDA:76,3,0,1
BRDA:76,3,1,0
BRDA:76,4,0,1
BRDA:76,4,1,1
BRDA:76,5,0,1
BRDA:76,5,1,1
BRDA:98,6,0,0
BRDA:98,6,1,1
BRF:15
BRH:12
end_of_record
TN:
SF:src/middleware/auth.js
FN:3,requireAuth
FN:20,requireRole
FN:21,(anonymous_2)
FNF:3
FNH:3
FNDA:27,requireAuth
FNDA:11,requireRole
FNDA:23,(anonymous_2)
DA:1,3
DA:4,27
DA:5,27
DA:6,27
DA:8,27
DA:9,2
DA:12,25
DA:13,24
DA:14,24
DA:16,1
DA:21,11
DA:22,23
DA:23,0
DA:25,23
DA:26,2
DA:28,21
DA:32,3
LF:17
LH:16
BRDA:5,0,0,27
BRDA:5,0,1,2
BRDA:6,1,0,25
BRDA:6,1,1,2
BRDA:8,2,0,2
BRDA:8,2,1,25
BRDA:22,3,0,0
BRDA:22,3,1,23
BRDA:25,4,0,2
BRDA:25,4,1,21
BRF:10
BRH:9
end_of_record
TN:
SF:src/middleware/upload.js
FN:6,(anonymous_0)
FN:11,(anonymous_1)
FNF:2
FNH:1
FNDA:0,(anonymous_0)
FNDA:2,(anonymous_1)
DA:1,2
DA:2,2
DA:4,2
DA:7,0
DA:11,2
DA:12,2
DA:13,1
DA:15,1
DA:19,2
DA:25,2
LF:10
LH:9
BRDA:12,0,0,1
BRDA:12,0,1,1
BRF:2
BRH:2
end_of_record
TN:
SF:src/routes/authRoutes.js
FNF:0
FNH:0
DA:1,3
DA:2,3
DA:3,3
DA:6,3
DA:9,3
DA:11,3
LF:6
LH:6
BRF:0
BRH:0
end_of_record
TN:
SF:src/routes/gym.js
FNF:0
FNH:0
DA:1,1
DA:2,1
DA:3,1
DA:4,1
DA:9,1
DA:12,1
DA:15,1
DA:18,1
DA:20,1
LF:9
LH:9
BRF:0
BRH:0
end_of_record
TN:
SF:src/routes/memberRoutes.js
FN:13,(anonymous_0)
FNF:1
FNH:1
FNDA:1,(anonymous_0)
DA:1,1
DA:2,1
DA:3,1
DA:4,1
DA:5,1
DA:6,1
DA:7,1
DA:10,1
DA:13,1
DA:14,1
DA:15,1
DA:16,1
DA:18,1
DA:24,1
DA:33,1
DA:35,1
DA:44,0
DA:45,0
DA:49,1
DA:51,1
DA:53,1
DA:55,1
LF:22
LH:20
BRF:0
BRH:0
end_of_record
